<?xml version="1.0" encoding="UTF-8"?>
<!-- Generated by org.testng.reporters.JUnitReportReporter -->
<testsuite skipped="0" hostname="DESKTOP-70H2QGH" name="testNG.DataProviderTest" tests="2" failures="0" timestamp="2020-01-07T21:15:07 IST" time="0.016" errors="0">
  <testcase name="testMethod" time="0.000" classname="testNG.DataProviderTest"/>
  <system-out/>
  <testcase name="testMethod" time="0.016" classname="testNG.DataProviderTest"/>
  <system-out/>
</testsuite> <!-- testNG.DataProviderTest -->
