<?xml version="1.0" encoding="UTF-8"?>
<!-- Generated by org.testng.reporters.JUnitReportReporter -->
<testsuite skipped="0" hostname="DESKTOP-70H2QGH" name="testNG.PassParameter" tests="1" failures="0" timestamp="2020-01-07T21:12:23 IST" time="0.016" errors="0">
  <testcase name="test" time="0.016" classname="testNG.PassParameter"/>
  <system-out/>
</testsuite> <!-- testNG.PassParameter -->
