<?xml version="1.0" encoding="UTF-8"?>
<!-- Generated by org.testng.reporters.JUnitReportReporter -->
<testsuite skipped="0" hostname="DESKTOP-70H2QGH" name="testNG.PriorityTest" tests="2" failures="0" timestamp="2020-01-07T07:53:27 IST" time="0.000" errors="0">
  <testcase name="test5" time="0.000" classname="testNG.PriorityTest"/>
  <system-out/>
  <testcase name="test3" time="0.000" classname="testNG.PriorityTest"/>
  <system-out/>
</testsuite> <!-- testNG.PriorityTest -->
