<?xml version="1.0" encoding="UTF-8"?>
<!-- Generated by org.testng.reporters.JUnitReportReporter -->
<testsuite skipped="0" hostname="DESKTOP-70H2QGH" name="testNG.ParallelTest" tests="3" failures="0" timestamp="2020-01-07T08:12:38 IST" time="0.005" errors="0">
  <testcase name="test3" time="0.000" classname="testNG.ParallelTest"/>
  <system-out/>
  <testcase name="test1" time="0.005" classname="testNG.ParallelTest"/>
  <system-out/>
  <testcase name="test2" time="0.000" classname="testNG.ParallelTest"/>
  <system-out/>
</testsuite> <!-- testNG.ParallelTest -->
